#
# A fatal error has been detected by the Java Runtime Environment:
#
#  Internal Error (javaCalls.cpp:51), pid=8333, tid=0x00007f80cd20e700
#  guarantee(thread->is_Java_thread()) failed: crucial check - the VM thread cannot and must not escape to Java code
#
# JRE version: OpenJDK Runtime Environment (8.0_181-b13) (build 1.8.0_181-8u181-b13-0ubuntu0.16.04.1-b13)
# Java VM: OpenJDK 64-Bit Server VM (25.181-b13 mixed mode linux-amd64 compressed oops)
# Failed to write core dump. Core dumps have been disabled. To enable core dumping, try "ulimit -c unlimited" before starting Java again
#
# If you would like to submit a bug report, please visit:
#   http://bugreport.java.com/bugreport/crash.jsp
#

---------------  T H R E A D  ---------------

Current thread (0x00007f80e0142800):  VMThread [stack: 0x00007f80cd10e000,0x00007f80cd20f000] [id=8345]

Stack: [0x00007f80cd10e000,0x00007f80cd20f000],  sp=0x00007f80cd20c7d0,  free space=1017k
Native frames: (J=compiled Java code, j=interpreted, Vv=VM code, C=native code)
V  [libjvm.so+0xa70edb]
V  [libjvm.so+0x4c87ed]
V  [libjvm.so+0x66388f]
V  [libjvm.so+0x666076]
V  [libjvm.so+0x664964]
V  [libjvm.so+0x556991]
V  [libjvm.so+0x55886a]
V  [libjvm.so+0x5c28f3]
V  [libjvm.so+0x5c486a]
V  [libjvm.so+0x5c5f79]
V  [libjvm.so+0x5c9757]
V  [libjvm.so+0x5c9b45]
V  [libjvm.so+0x8af59f]
V  [libjvm.so+0x8b11ae]
V  [libjvm.so+0x8b206a]
V  [libjvm.so+0x8b29a4]
V  [libjvm.so+0x6259d3]
V  [libjvm.so+0x84655b]
V  [libjvm.so+0x7383fc]
V  [libjvm.so+0xa77d27]
V  [libjvm.so+0xa75427]
V  [libjvm.so+0xa768af]
V  [libjvm.so+0xa76da1]
V  [libjvm.so+0x8bae12]

VM_Operation (0x00007f80ccc049a0): GetOrSetLocal, mode: safepoint, requested by thread 0x00007f80e018c800


---------------  P R O C E S S  ---------------

Java Threads: ( => current thread )
  0x00007f80e037f800 JavaThread "ReaderThread" [_thread_in_native, id=8363, stack(0x00007f80cc0d2000,0x00007f80cc1d3000)]
  0x00007f80e02a0800 JavaThread "Service Thread" daemon [_thread_blocked, id=8361, stack(0x00007f80cc4ec000,0x00007f80cc5ed000)]
  0x00007f80e034b000 JavaThread "C1 CompilerThread2" daemon [_thread_blocked, id=8360, stack(0x00007f80cc5ed000,0x00007f80cc6ee000)]
  0x00007f80e0349000 JavaThread "C2 CompilerThread1" daemon [_thread_blocked, id=8359, stack(0x00007f80cc6ee000,0x00007f80cc7ef000)]
  0x00007f80e036c000 JavaThread "C2 CompilerThread0" daemon [_thread_blocked, id=8358, stack(0x00007f80cc7ef000,0x00007f80cc8f0000)]
  0x00007f80ac001000 JavaThread "JDWP Command Reader" daemon [_thread_in_native, id=8354, stack(0x00007f80cc903000,0x00007f80cca04000)]
  0x00007f80e0190000 JavaThread "JDWP Event Helper Thread" daemon [_thread_blocked, id=8353, stack(0x00007f80cca04000,0x00007f80ccb05000)]
  0x00007f80e018c800 JavaThread "JDWP Transport Listener: dt_socket" daemon [_thread_blocked, id=8350, stack(0x00007f80ccb05000,0x00007f80ccc06000)]
  0x00007f80e0180800 JavaThread "Signal Dispatcher" daemon [_thread_blocked, id=8348, stack(0x00007f80cce0b000,0x00007f80ccf0c000)]
  0x00007f80e014e800 JavaThread "Finalizer" daemon [_thread_blocked, id=8347, stack(0x00007f80ccf0c000,0x00007f80cd00d000)]
  0x00007f80e014a000 JavaThread "Reference Handler" daemon [_thread_blocked, id=8346, stack(0x00007f80cd00d000,0x00007f80cd10e000)]
  0x00007f80e000e000 JavaThread "main" [_thread_blocked, id=8335, stack(0x00007f80e8779000,0x00007f80e887a000)]

Other Threads:
=>0x00007f80e0142800 VMThread [stack: 0x00007f80cd10e000,0x00007f80cd20f000] [id=8345]
  0x00007f80e0360800 WatcherThread [stack: 0x00007f80cc3eb000,0x00007f80cc4ec000] [id=8362]

VM state:at safepoint (normal execution)

VM Mutex/Monitor currently owned by a thread:  ([mutex/lock_event])
[0x00007f80e000a500] Threads_lock - owner thread: 0x00007f80e0142800

Heap:
 PSYoungGen      total 17920K, used 15008K [0x00000000ec100000, 0x00000000ed500000, 0x0000000100000000)
  eden space 15360K, 97% used [0x00000000ec100000,0x00000000ecfa83b8,0x00000000ed000000)
  from space 2560K, 0% used [0x00000000ed280000,0x00000000ed280000,0x00000000ed500000)
  to   space 2560K, 0% used [0x00000000ed000000,0x00000000ed000000,0x00000000ed280000)
 ParOldGen       total 40960K, used 0K [0x00000000c4200000, 0x00000000c6a00000, 0x00000000ec100000)
  object space 40960K, 0% used [0x00000000c4200000,0x00000000c4200000,0x00000000c6a00000)
 Metaspace       used 7373K, capacity 7604K, committed 7808K, reserved 1056768K
  class space    used 802K, capacity 894K, committed 896K, reserved 1048576K

Card table byte_map: [0x00007f80e40b0000,0x00007f80e4290000] byte_map_base: 0x00007f80e3a8f000

Marking Bits: (ParMarkBitMap*) 0x00007f80e7a483a0
 Begin Bits: [0x00007f80ceccc000, 0x00007f80cfbc4000)
 End Bits:   [0x00007f80cfbc4000, 0x00007f80d0abc000)

Polling page: 0x00007f80e889c000

CodeCache: size=245760Kb used=2305Kb max_used=2305Kb free=243454Kb
 bounds [0x00007f80d1000000, 0x00007f80d1270000, 0x00007f80e0000000]
 total_blobs=693 nmethods=384 adapters=233
 compilation: enabled

Compilation events (10 events):
Event: 1,542 Thread 0x00007f80e036c000 nmethod 329 0x00007f80d1239ad0 code [0x00007f80d1239c40, 0x00007f80d123a1f8]
Event: 1,580 Thread 0x00007f80e0349000 nmethod 332 0x00007f80d12360d0 code [0x00007f80d1236280, 0x00007f80d1236ff8]
Event: 1092,726 Thread 0x00007f80e034b000  381       3       org.eclipse.jdt.launching.internal.org.objectweb.asm.ClassReader::<init> (305 bytes)
Event: 1092,728 Thread 0x00007f80e034b000 nmethod 381 0x00007f80d123d750 code [0x00007f80d123d9e0, 0x00007f80d123eae8]
Event: 1092,728 Thread 0x00007f80e034b000  384       3       org.eclipse.jdt.launching.internal.org.objectweb.asm.Handler::putExceptionTable (63 bytes)
Event: 1092,729 Thread 0x00007f80e034b000 nmethod 384 0x00007f80d123f8d0 code [0x00007f80d123faa0, 0x00007f80d123ff08]
Event: 1092,729 Thread 0x00007f80e034b000  382       3       org.eclipse.jdt.launching.internal.org.objectweb.asm.MethodWriter::visitCode (1 bytes)
Event: 1092,734 Thread 0x00007f80e034b000 nmethod 382 0x00007f80d1240290 code [0x00007f80d12403e0, 0x00007f80d1240530]
Event: 1092,734 Thread 0x00007f80e034b000  383       3       org.eclipse.jdt.launching.internal.org.objectweb.asm.MethodWriter::visitMaxs (41 bytes)
Event: 1092,735 Thread 0x00007f80e034b000 nmethod 383 0x00007f80d12405d0 code [0x00007f80d1240760, 0x00007f80d12409d8]

GC Heap History (0 events):
No events

Deoptimization events (3 events):
Event: 1,441 Thread 0x00007f80e000e000 Uncommon trap: reason=unstable_if action=reinterpret pc=0x00007f80d1170408 method=org.eclipse.jdt.launching.internal.org.objectweb.asm.ClassReader.readUTF(II[C)Ljava/lang/String; @ 41
Event: 1,441 Thread 0x00007f80e000e000 Uncommon trap: reason=unstable_if action=reinterpret pc=0x00007f80d11a1d54 method=org.eclipse.jdt.launching.internal.org.objectweb.asm.ByteVector.putUTF8(Ljava/lang/String;)Lorg/eclipse/jdt/launching/internal/org/objectweb/asm/ByteVector; @ 98
Event: 1,441 Thread 0x00007f80e000e000 Uncommon trap: reason=unstable_if action=reinterpret pc=0x00007f80d11740f0 method=org.eclipse.jdt.launching.internal.org.objectweb.asm.ByteVector.putUTF8(Ljava/lang/String;)Lorg/eclipse/jdt/launching/internal/org/objectweb/asm/ByteVector; @ 98

Classes redefined (4 events):
Event: 24,542 Thread 0x00007f80e0142800 redefined class name=com.scmoure.csvreader.CSVReaderTest, count=1
Event: 81,924 Thread 0x00007f80e0142800 redefined class name=com.scmoure.csvreader.CSVReaderTest, count=2
Event: 1092,733 Thread 0x00007f80e0142800 redefined class name=com.scmoure.csvreader.CSVReaderTest, count=3
Event: 1098,832 Thread 0x00007f80e0142800 redefined class name=com.scmoure.csvreader.CSVReaderTest, count=4

Internal exceptions (10 events):
Event: 0,053 Thread 0x00007f80e000e000 Exception <a 'java/lang/NoSuchMethodError': Method sun.misc.Unsafe.defineClass(Ljava/lang/String;[BII)Ljava/lang/Class; name or signature does not match> (0x00000000ec107cb0) thrown at [/build/openjdk-8-pREaNj/openjdk-8-8u181-b13/src/hotspot/src/share/vm/
Event: 0,053 Thread 0x00007f80e000e000 Exception <a 'java/lang/NoSuchMethodError': Method sun.misc.Unsafe.prefetchRead(Ljava/lang/Object;J)V name or signature does not match> (0x00000000ec107f98) thrown at [/build/openjdk-8-pREaNj/openjdk-8-8u181-b13/src/hotspot/src/share/vm/prims/jni.cpp, lin
Event: 1,430 Thread 0x00007f80e000e000 Exception <a 'java/security/PrivilegedActionException'> (0x00000000ecc0b5e8) thrown at [/build/openjdk-8-pREaNj/openjdk-8-8u181-b13/src/hotspot/src/share/vm/prims/jvm.cpp, line 1435]
Event: 1,430 Thread 0x00007f80e000e000 Exception <a 'java/security/PrivilegedActionException'> (0x00000000ecc0b9e0) thrown at [/build/openjdk-8-pREaNj/openjdk-8-8u181-b13/src/hotspot/src/share/vm/prims/jvm.cpp, line 1435]
Event: 1,431 Thread 0x00007f80e000e000 Exception <a 'java/security/PrivilegedActionException'> (0x00000000ecc0de38) thrown at [/build/openjdk-8-pREaNj/openjdk-8-8u181-b13/src/hotspot/src/share/vm/prims/jvm.cpp, line 1435]
Event: 1,431 Thread 0x00007f80e000e000 Exception <a 'java/security/PrivilegedActionException'> (0x00000000ecc0e230) thrown at [/build/openjdk-8-pREaNj/openjdk-8-8u181-b13/src/hotspot/src/share/vm/prims/jvm.cpp, line 1435]
Event: 1,431 Thread 0x00007f80e000e000 Exception <a 'java/security/PrivilegedActionException'> (0x00000000ecc0f0d8) thrown at [/build/openjdk-8-pREaNj/openjdk-8-8u181-b13/src/hotspot/src/share/vm/prims/jvm.cpp, line 1435]
Event: 1,431 Thread 0x00007f80e000e000 Exception <a 'java/security/PrivilegedActionException'> (0x00000000ecc0f4d0) thrown at [/build/openjdk-8-pREaNj/openjdk-8-8u181-b13/src/hotspot/src/share/vm/prims/jvm.cpp, line 1435]
Event: 12,037 Thread 0x00007f80e000e000 Exception <a 'java/lang/NoSuchFieldError': method resolution failed> (0x00000000eceaf400) thrown at [/build/openjdk-8-pREaNj/openjdk-8-8u181-b13/src/hotspot/src/share/vm/prims/methodHandles.cpp, line 1167]
Event: 12,230 Thread 0x00007f80e000e000 Exception <a 'java/lang/NoSuchFieldError': method resolution failed> (0x00000000ecebd390) thrown at [/build/openjdk-8-pREaNj/openjdk-8-8u181-b13/src/hotspot/src/share/vm/prims/methodHandles.cpp, line 1167]

Events (10 events):
Event: 1175,776 Executing VM operation: GetOwnedMonitorInfo done
Event: 1176,975 Executing VM operation: GetCurrentContendedMonitor
Event: 1176,975 Executing VM operation: GetCurrentContendedMonitor done
Event: 1176,976 Executing VM operation: GetOwnedMonitorInfo
Event: 1176,976 Executing VM operation: GetOwnedMonitorInfo done
Event: 1178,080 Executing VM operation: GetOwnedMonitorInfo
Event: 1178,080 Executing VM operation: GetOwnedMonitorInfo done
Event: 1178,081 Executing VM operation: GetCurrentContendedMonitor
Event: 1178,081 Executing VM operation: GetCurrentContendedMonitor done
Event: 1178,154 Executing VM operation: GetOrSetLocal


Dynamic libraries:
00400000-00401000 r-xp 00000000 08:06 937444                             /usr/lib/jvm/java-8-openjdk-amd64/jre/bin/java
00600000-00601000 r--p 00000000 08:06 937444                             /usr/lib/jvm/java-8-openjdk-amd64/jre/bin/java
00601000-00602000 rw-p 00001000 08:06 937444                             /usr/lib/jvm/java-8-openjdk-amd64/jre/bin/java
022de000-022ff000 rw-p 00000000 00:00 0                                  [heap]
c4200000-c6a00000 rw-p 00000000 00:00 0 
c6a00000-ec100000 ---p 00000000 00:00 0 
ec100000-ed500000 rw-p 00000000 00:00 0 
ed500000-100000000 ---p 00000000 00:00 0 
100000000-1000e0000 rw-p 00000000 00:00 0 
1000e0000-140000000 ---p 00000000 00:00 0 
7f8084000000-7f8084021000 rw-p 00000000 00:00 0 
7f8084021000-7f8088000000 ---p 00000000 00:00 0 
7f8088000000-7f8088021000 rw-p 00000000 00:00 0 
7f8088021000-7f808c000000 ---p 00000000 00:00 0 
7f808cfff000-7f8090000000 rw-p 00000000 00:00 0 
7f8090000000-7f8090465000 rw-p 00000000 00:00 0 
7f8090465000-7f8094000000 ---p 00000000 00:00 0 
7f8094000000-7f8094021000 rw-p 00000000 00:00 0 
7f8094021000-7f8098000000 ---p 00000000 00:00 0 
7f8098000000-7f80983cb000 rw-p 00000000 00:00 0 
7f80983cb000-7f809c000000 ---p 00000000 00:00 0 
7f809c000000-7f809c265000 rw-p 00000000 00:00 0 
7f809c265000-7f80a0000000 ---p 00000000 00:00 0 
7f80a0000000-7f80a0021000 rw-p 00000000 00:00 0 
7f80a0021000-7f80a4000000 ---p 00000000 00:00 0 
7f80a4000000-7f80a4021000 rw-p 00000000 00:00 0 
7f80a4021000-7f80a8000000 ---p 00000000 00:00 0 
7f80a8000000-7f80a8021000 rw-p 00000000 00:00 0 
7f80a8021000-7f80ac000000 ---p 00000000 00:00 0 
7f80ac000000-7f80ac05f000 rw-p 00000000 00:00 0 
7f80ac05f000-7f80b0000000 ---p 00000000 00:00 0 
7f80b0000000-7f80b0021000 rw-p 00000000 00:00 0 
7f80b0021000-7f80b4000000 ---p 00000000 00:00 0 
7f80b4000000-7f80b4021000 rw-p 00000000 00:00 0 
7f80b4021000-7f80b8000000 ---p 00000000 00:00 0 
7f80b8000000-7f80b8021000 rw-p 00000000 00:00 0 
7f80b8021000-7f80bc000000 ---p 00000000 00:00 0 
7f80bc000000-7f80bc021000 rw-p 00000000 00:00 0 
7f80bc021000-7f80c0000000 ---p 00000000 00:00 0 
7f80c0000000-7f80c0021000 rw-p 00000000 00:00 0 
7f80c0021000-7f80c4000000 ---p 00000000 00:00 0 
7f80c4000000-7f80c4021000 rw-p 00000000 00:00 0 
7f80c4021000-7f80c8000000 ---p 00000000 00:00 0 
7f80c8000000-7f80c8021000 rw-p 00000000 00:00 0 
7f80c8021000-7f80cc000000 ---p 00000000 00:00 0 
7f80cc0d2000-7f80cc0d5000 ---p 00000000 00:00 0 
7f80cc0d5000-7f80cc1d3000 rw-p 00000000 00:00 0 
7f80cc1d3000-7f80cc1ea000 r-xp 00000000 08:06 929549                     /usr/lib/jvm/java-8-openjdk-amd64/jre/lib/amd64/libnet.so
7f80cc1ea000-7f80cc3e9000 ---p 00017000 08:06 929549                     /usr/lib/jvm/java-8-openjdk-amd64/jre/lib/amd64/libnet.so
7f80cc3e9000-7f80cc3ea000 r--p 00016000 08:06 929549                     /usr/lib/jvm/java-8-openjdk-amd64/jre/lib/amd64/libnet.so
7f80cc3ea000-7f80cc3eb000 rw-p 00017000 08:06 929549                     /usr/lib/jvm/java-8-openjdk-amd64/jre/lib/amd64/libnet.so
7f80cc3eb000-7f80cc3ec000 ---p 00000000 00:00 0 
7f80cc3ec000-7f80cc4ec000 rw-p 00000000 00:00 0 
7f80cc4ec000-7f80cc4ef000 ---p 00000000 00:00 0 
7f80cc4ef000-7f80cc5ed000 rw-p 00000000 00:00 0 
7f80cc5ed000-7f80cc5f0000 ---p 00000000 00:00 0 
7f80cc5f0000-7f80cc6ee000 rw-p 00000000 00:00 0 
7f80cc6ee000-7f80cc6f1000 ---p 00000000 00:00 0 
7f80cc6f1000-7f80cc7ef000 rw-p 00000000 00:00 0 
7f80cc7ef000-7f80cc7f2000 ---p 00000000 00:00 0 
7f80cc7f2000-7f80cc8f0000 rw-p 00000000 00:00 0 
7f80cc8f0000-7f80cc903000 r--s 00346000 08:06 929525                     /usr/lib/jvm/java-8-openjdk-amd64/jre/lib/resources.jar
7f80cc903000-7f80cc906000 ---p 00000000 00:00 0 
7f80cc906000-7f80cca04000 rw-p 00000000 00:00 0 
7f80cca04000-7f80cca07000 ---p 00000000 00:00 0 
7f80cca07000-7f80ccb05000 rw-p 00000000 00:00 0 
7f80ccb05000-7f80ccb08000 ---p 00000000 00:00 0 
7f80ccb08000-7f80ccc06000 rw-p 00000000 00:00 0 
7f80ccc06000-7f80ccc0a000 r-xp 00000000 08:06 937409                     /usr/lib/jvm/java-8-openjdk-amd64/jre/lib/amd64/libdt_socket.so
7f80ccc0a000-7f80cce09000 ---p 00004000 08:06 937409                     /usr/lib/jvm/java-8-openjdk-amd64/jre/lib/amd64/libdt_socket.so
7f80cce09000-7f80cce0a000 r--p 00003000 08:06 937409                     /usr/lib/jvm/java-8-openjdk-amd64/jre/lib/amd64/libdt_socket.so
7f80cce0a000-7f80cce0b000 rw-p 00004000 08:06 937409                     /usr/lib/jvm/java-8-openjdk-amd64/jre/lib/amd64/libdt_socket.so
7f80cce0b000-7f80cce0e000 ---p 00000000 00:00 0 
7f80cce0e000-7f80ccf0c000 rw-p 00000000 00:00 0 
7f80ccf0c000-7f80ccf0f000 ---p 00000000 00:00 0 
7f80ccf0f000-7f80cd00d000 rw-p 00000000 00:00 0 
7f80cd00d000-7f80cd010000 ---p 00000000 00:00 0 
7f80cd010000-7f80cd10e000 rw-p 00000000 00:00 0 
7f80cd10e000-7f80cd10f000 ---p 00000000 00:00 0 
7f80cd10f000-7f80ce11e000 rw-p 00000000 00:00 0 
7f80ce11e000-7f80ce2ed000 r--s 03c32000 08:06 929523                     /usr/lib/jvm/java-8-openjdk-amd64/jre/lib/rt.jar
7f80ce2ed000-7f80ce9ad000 rw-p 00000000 00:00 0 
7f80ce9ad000-7f80ceaed000 ---p 00000000 00:00 0 
7f80ceaed000-7f80d0abc000 rw-p 00000000 00:00 0 
7f80d0abc000-7f80d0abd000 ---p 00000000 00:00 0 
7f80d0abd000-7f80d0bbd000 rw-p 00000000 00:00 0 
7f80d0bbd000-7f80d0bbe000 ---p 00000000 00:00 0 
7f80d0bbe000-7f80d0cbe000 rw-p 00000000 00:00 0 
7f80d0cbe000-7f80d0cbf000 ---p 00000000 00:00 0 
7f80d0cbf000-7f80d0dbf000 rw-p 00000000 00:00 0 
7f80d0dbf000-7f80d0dc0000 ---p 00000000 00:00 0 
7f80d0dc0000-7f80d0ed4000 rw-p 00000000 00:00 0 
7f80d0ed4000-7f80d1000000 ---p 00000000 00:00 0 
7f80d1000000-7f80d1270000 rwxp 00000000 00:00 0 
7f80d1270000-7f80e0000000 ---p 00000000 00:00 0 
7f80e0000000-7f80e0406000 rw-p 00000000 00:00 0 
7f80e0406000-7f80e4000000 ---p 00000000 00:00 0 
7f80e4009000-7f80e400b000 r--s 00016000 08:06 929543                     /usr/lib/jvm/java-8-openjdk-amd64/jre/lib/jce.jar
7f80e400b000-7f80e4010000 r--s 0009d000 08:06 929521                     /usr/lib/jvm/java-8-openjdk-amd64/jre/lib/jsse.jar
7f80e4010000-7f80e4013000 r--s 0001d000 08:08 14263080                   /home/scmoure/eclipse/jee-photon/eclipse/configuration/org.eclipse.osgi/413/0/.cp/lib/javaagent-shaded.jar
7f80e4013000-7f80e4019000 r--s 00036000 08:08 14297224                   /home/scmoure/.m2/repository/junit/junit/4.11/junit-4.11.jar
7f80e4019000-7f80e4034000 r--s 001d6000 08:06 929532                     /usr/lib/jvm/java-8-openjdk-amd64/jre/lib/ext/nashorn.jar
7f80e4034000-7f80e4037000 r--s 00038000 08:06 929534                     /usr/lib/jvm/java-8-openjdk-amd64/jre/lib/ext/sunpkcs11.jar
7f80e4037000-7f80e403d000 r--s 0003b000 08:06 929538                     /usr/lib/jvm/java-8-openjdk-amd64/jre/lib/ext/sunjce_provider.jar
7f80e403d000-7f80e4058000 r--s 00394000 08:06 929533                     /usr/lib/jvm/java-8-openjdk-amd64/jre/lib/ext/cldrdata.jar
7f80e4058000-7f80e4062000 r--s 00116000 08:06 929537                     /usr/lib/jvm/java-8-openjdk-amd64/jre/lib/ext/localedata.jar
7f80e4062000-7f80e40c4000 rw-p 00000000 00:00 0 
7f80e40c4000-7f80e41ef000 ---p 00000000 00:00 0 
7f80e41ef000-7f80e41fa000 rw-p 00000000 00:00 0 
7f80e41fa000-7f80e428f000 ---p 00000000 00:00 0 
7f80e428f000-7f80e429a000 rw-p 00000000 00:00 0 
7f80e429a000-7f80e4650000 ---p 00000000 00:00 0 
7f80e4650000-7f80e4658000 r-xp 00000000 08:06 937396                     /usr/lib/jvm/java-8-openjdk-amd64/jre/lib/amd64/libzip.so
7f80e4658000-7f80e4857000 ---p 00008000 08:06 937396                     /usr/lib/jvm/java-8-openjdk-amd64/jre/lib/amd64/libzip.so
7f80e4857000-7f80e4858000 r--p 00007000 08:06 937396                     /usr/lib/jvm/java-8-openjdk-amd64/jre/lib/amd64/libzip.so
7f80e4858000-7f80e4859000 rw-p 00008000 08:06 937396                     /usr/lib/jvm/java-8-openjdk-amd64/jre/lib/amd64/libzip.so
7f80e4859000-7f80e4864000 r-xp 00000000 08:06 299413                     /lib/x86_64-linux-gnu/libnss_files-2.23.so
7f80e4864000-7f80e4a63000 ---p 0000b000 08:06 299413                     /lib/x86_64-linux-gnu/libnss_files-2.23.so
7f80e4a63000-7f80e4a64000 r--p 0000a000 08:06 299413                     /lib/x86_64-linux-gnu/libnss_files-2.23.so
7f80e4a64000-7f80e4a65000 rw-p 0000b000 08:06 299413                     /lib/x86_64-linux-gnu/libnss_files-2.23.so
7f80e4a65000-7f80e4a6b000 rw-p 00000000 00:00 0 
7f80e4a6b000-7f80e4a76000 r-xp 00000000 08:06 299417                     /lib/x86_64-linux-gnu/libnss_nis-2.23.so
7f80e4a76000-7f80e4c75000 ---p 0000b000 08:06 299417                     /lib/x86_64-linux-gnu/libnss_nis-2.23.so
7f80e4c75000-7f80e4c76000 r--p 0000a000 08:06 299417                     /lib/x86_64-linux-gnu/libnss_nis-2.23.so
7f80e4c76000-7f80e4c77000 rw-p 0000b000 08:06 299417                     /lib/x86_64-linux-gnu/libnss_nis-2.23.so
7f80e4c77000-7f80e4c8d000 r-xp 00000000 08:06 288215                     /lib/x86_64-linux-gnu/libnsl-2.23.so
7f80e4c8d000-7f80e4e8c000 ---p 00016000 08:06 288215                     /lib/x86_64-linux-gnu/libnsl-2.23.so
7f80e4e8c000-7f80e4e8d000 r--p 00015000 08:06 288215                     /lib/x86_64-linux-gnu/libnsl-2.23.so
7f80e4e8d000-7f80e4e8e000 rw-p 00016000 08:06 288215                     /lib/x86_64-linux-gnu/libnsl-2.23.so
7f80e4e8e000-7f80e4e90000 rw-p 00000000 00:00 0 
7f80e4e90000-7f80e4e98000 r-xp 00000000 08:06 299408                     /lib/x86_64-linux-gnu/libnss_compat-2.23.so
7f80e4e98000-7f80e5097000 ---p 00008000 08:06 299408                     /lib/x86_64-linux-gnu/libnss_compat-2.23.so
7f80e5097000-7f80e5098000 r--p 00007000 08:06 299408                     /lib/x86_64-linux-gnu/libnss_compat-2.23.so
7f80e5098000-7f80e5099000 rw-p 00008000 08:06 299408                     /lib/x86_64-linux-gnu/libnss_compat-2.23.so
7f80e5099000-7f80e50a3000 r-xp 00000000 08:06 929551                     /usr/lib/jvm/java-8-openjdk-amd64/jre/lib/amd64/libinstrument.so
7f80e50a3000-7f80e52a2000 ---p 0000a000 08:06 929551                     /usr/lib/jvm/java-8-openjdk-amd64/jre/lib/amd64/libinstrument.so
7f80e52a2000-7f80e52a3000 r--p 00009000 08:06 929551                     /usr/lib/jvm/java-8-openjdk-amd64/jre/lib/amd64/libinstrument.so
7f80e52a3000-7f80e52a4000 rw-p 0000a000 08:06 929551                     /usr/lib/jvm/java-8-openjdk-amd64/jre/lib/amd64/libinstrument.so
7f80e52a4000-7f80e57f1000 r--p 00000000 08:06 917928                     /usr/lib/locale/locale-archive
7f80e57f1000-7f80e57f3000 r-xp 00000000 08:06 937410                     /usr/lib/jvm/java-8-openjdk-amd64/jre/lib/amd64/libnpt.so
7f80e57f3000-7f80e59f3000 ---p 00002000 08:06 937410                     /usr/lib/jvm/java-8-openjdk-amd64/jre/lib/amd64/libnpt.so
7f80e59f3000-7f80e59f4000 r--p 00002000 08:06 937410                     /usr/lib/jvm/java-8-openjdk-amd64/jre/lib/amd64/libnpt.so
7f80e59f4000-7f80e59f5000 rw-p 00003000 08:06 937410                     /usr/lib/jvm/java-8-openjdk-amd64/jre/lib/amd64/libnpt.so
7f80e59f5000-7f80e5a30000 r-xp 00000000 08:06 937407                     /usr/lib/jvm/java-8-openjdk-amd64/jre/lib/amd64/libjdwp.so
7f80e5a30000-7f80e5c30000 ---p 0003b000 08:06 937407                     /usr/lib/jvm/java-8-openjdk-amd64/jre/lib/amd64/libjdwp.so
7f80e5c30000-7f80e5c31000 r--p 0003b000 08:06 937407                     /usr/lib/jvm/java-8-openjdk-amd64/jre/lib/amd64/libjdwp.so
7f80e5c31000-7f80e5c32000 rw-p 0003c000 08:06 937407                     /usr/lib/jvm/java-8-openjdk-amd64/jre/lib/amd64/libjdwp.so
7f80e5c32000-7f80e5c5f000 r-xp 00000000 08:06 937415                     /usr/lib/jvm/java-8-openjdk-amd64/jre/lib/amd64/libjava.so
7f80e5c5f000-7f80e5e5e000 ---p 0002d000 08:06 937415                     /usr/lib/jvm/java-8-openjdk-amd64/jre/lib/amd64/libjava.so
7f80e5e5e000-7f80e5e5f000 r--p 0002c000 08:06 937415                     /usr/lib/jvm/java-8-openjdk-amd64/jre/lib/amd64/libjava.so
7f80e5e5f000-7f80e5e61000 rw-p 0002d000 08:06 937415                     /usr/lib/jvm/java-8-openjdk-amd64/jre/lib/amd64/libjava.so
7f80e5e61000-7f80e5e70000 r-xp 00000000 08:06 937401                     /usr/lib/jvm/java-8-openjdk-amd64/jre/lib/amd64/libverify.so
7f80e5e70000-7f80e606f000 ---p 0000f000 08:06 937401                     /usr/lib/jvm/java-8-openjdk-amd64/jre/lib/amd64/libverify.so
7f80e606f000-7f80e6071000 r--p 0000e000 08:06 937401                     /usr/lib/jvm/java-8-openjdk-amd64/jre/lib/amd64/libverify.so
7f80e6071000-7f80e6072000 rw-p 00010000 08:06 937401                     /usr/lib/jvm/java-8-openjdk-amd64/jre/lib/amd64/libverify.so
7f80e6072000-7f80e6079000 r-xp 00000000 08:06 299418                     /lib/x86_64-linux-gnu/librt-2.23.so
7f80e6079000-7f80e6278000 ---p 00007000 08:06 299418                     /lib/x86_64-linux-gnu/librt-2.23.so
7f80e6278000-7f80e6279000 r--p 00006000 08:06 299418                     /lib/x86_64-linux-gnu/librt-2.23.so
7f80e6279000-7f80e627a000 rw-p 00007000 08:06 299418                     /lib/x86_64-linux-gnu/librt-2.23.so
7f80e627a000-7f80e6290000 r-xp 00000000 08:06 267157                     /lib/x86_64-linux-gnu/libgcc_s.so.1
7f80e6290000-7f80e648f000 ---p 00016000 08:06 267157                     /lib/x86_64-linux-gnu/libgcc_s.so.1
7f80e648f000-7f80e6490000 rw-p 00015000 08:06 267157                     /lib/x86_64-linux-gnu/libgcc_s.so.1
7f80e6490000-7f80e6598000 r-xp 00000000 08:06 288163                     /lib/x86_64-linux-gnu/libm-2.23.so
7f80e6598000-7f80e6797000 ---p 00108000 08:06 288163                     /lib/x86_64-linux-gnu/libm-2.23.so
7f80e6797000-7f80e6798000 r--p 00107000 08:06 288163                     /lib/x86_64-linux-gnu/libm-2.23.so
7f80e6798000-7f80e6799000 rw-p 00108000 08:06 288163                     /lib/x86_64-linux-gnu/libm-2.23.so
7f80e6799000-7f80e690b000 r-xp 00000000 08:06 916018                     /usr/lib/x86_64-linux-gnu/libstdc++.so.6.0.21
7f80e690b000-7f80e6b0b000 ---p 00172000 08:06 916018                     /usr/lib/x86_64-linux-gnu/libstdc++.so.6.0.21
7f80e6b0b000-7f80e6b15000 r--p 00172000 08:06 916018                     /usr/lib/x86_64-linux-gnu/libstdc++.so.6.0.21
7f80e6b15000-7f80e6b17000 rw-p 0017c000 08:06 916018                     /usr/lib/x86_64-linux-gnu/libstdc++.so.6.0.21
7f80e6b17000-7f80e6b1b000 rw-p 00000000 00:00 0 
7f80e6b1b000-7f80e7778000 r-xp 00000000 08:06 929545                     /usr/lib/jvm/java-8-openjdk-amd64/jre/lib/amd64/server/libjvm.so
7f80e7778000-7f80e7978000 ---p 00c5d000 08:06 929545                     /usr/lib/jvm/java-8-openjdk-amd64/jre/lib/amd64/server/libjvm.so
7f80e7978000-7f80e7a0c000 r--p 00c5d000 08:06 929545                     /usr/lib/jvm/java-8-openjdk-amd64/jre/lib/amd64/server/libjvm.so
7f80e7a0c000-7f80e7a35000 rw-p 00cf1000 08:06 929545                     /usr/lib/jvm/java-8-openjdk-amd64/jre/lib/amd64/server/libjvm.so
7f80e7a35000-7f80e7a65000 rw-p 00000000 00:00 0 
7f80e7a65000-7f80e7a7d000 r-xp 00000000 08:06 288766                     /lib/x86_64-linux-gnu/libpthread-2.23.so
7f80e7a7d000-7f80e7c7c000 ---p 00018000 08:06 288766                     /lib/x86_64-linux-gnu/libpthread-2.23.so
7f80e7c7c000-7f80e7c7d000 r--p 00017000 08:06 288766                     /lib/x86_64-linux-gnu/libpthread-2.23.so
7f80e7c7d000-7f80e7c7e000 rw-p 00018000 08:06 288766                     /lib/x86_64-linux-gnu/libpthread-2.23.so
7f80e7c7e000-7f80e7c82000 rw-p 00000000 00:00 0 
7f80e7c82000-7f80e7c85000 r-xp 00000000 08:06 288774                     /lib/x86_64-linux-gnu/libdl-2.23.so
7f80e7c85000-7f80e7e84000 ---p 00003000 08:06 288774                     /lib/x86_64-linux-gnu/libdl-2.23.so
7f80e7e84000-7f80e7e85000 r--p 00002000 08:06 288774                     /lib/x86_64-linux-gnu/libdl-2.23.so
7f80e7e85000-7f80e7e86000 rw-p 00003000 08:06 288774                     /lib/x86_64-linux-gnu/libdl-2.23.so
7f80e7e86000-7f80e7e9f000 r-xp 00000000 08:06 267310                     /lib/x86_64-linux-gnu/libz.so.1.2.8
7f80e7e9f000-7f80e809e000 ---p 00019000 08:06 267310                     /lib/x86_64-linux-gnu/libz.so.1.2.8
7f80e809e000-7f80e809f000 r--p 00018000 08:06 267310                     /lib/x86_64-linux-gnu/libz.so.1.2.8
7f80e809f000-7f80e80a0000 rw-p 00019000 08:06 267310                     /lib/x86_64-linux-gnu/libz.so.1.2.8
7f80e80a0000-7f80e8260000 r-xp 00000000 08:06 288769                     /lib/x86_64-linux-gnu/libc-2.23.so
7f80e8260000-7f80e8460000 ---p 001c0000 08:06 288769                     /lib/x86_64-linux-gnu/libc-2.23.so
7f80e8460000-7f80e8464000 r--p 001c0000 08:06 288769                     /lib/x86_64-linux-gnu/libc-2.23.so
7f80e8464000-7f80e8466000 rw-p 001c4000 08:06 288769                     /lib/x86_64-linux-gnu/libc-2.23.so
7f80e8466000-7f80e846a000 rw-p 00000000 00:00 0 
7f80e846a000-7f80e8477000 r-xp 00000000 08:06 937398                     /usr/lib/jvm/java-8-openjdk-amd64/jre/lib/amd64/jli/libjli.so
7f80e8477000-7f80e8677000 ---p 0000d000 08:06 937398                     /usr/lib/jvm/java-8-openjdk-amd64/jre/lib/amd64/jli/libjli.so
7f80e8677000-7f80e8678000 r--p 0000d000 08:06 937398                     /usr/lib/jvm/java-8-openjdk-amd64/jre/lib/amd64/jli/libjli.so
7f80e8678000-7f80e8679000 rw-p 0000e000 08:06 937398                     /usr/lib/jvm/java-8-openjdk-amd64/jre/lib/amd64/jli/libjli.so
7f80e8679000-7f80e869f000 r-xp 00000000 08:06 288557                     /lib/x86_64-linux-gnu/ld-2.23.so
7f80e869f000-7f80e86a1000 r--s 00009000 08:08 14223217                   /home/scmoure/.m2/repository/org/hamcrest/hamcrest-core/1.3/hamcrest-core-1.3.jar
7f80e86a1000-7f80e86a3000 r--s 00001000 08:06 929535                     /usr/lib/jvm/java-8-openjdk-amd64/jre/lib/ext/dnsns.jar
7f80e86a3000-7f80e86a5000 r--s 00008000 08:06 929539                     /usr/lib/jvm/java-8-openjdk-amd64/jre/lib/ext/sunec.jar
7f80e86a5000-7f80e86a8000 r--s 0000f000 08:06 929531                     /usr/lib/jvm/java-8-openjdk-amd64/jre/lib/ext/icedtea-sound.jar
7f80e86a8000-7f80e8779000 rw-p 00000000 00:00 0 
7f80e8779000-7f80e877c000 ---p 00000000 00:00 0 
7f80e877c000-7f80e887e000 rw-p 00000000 00:00 0 
7f80e887e000-7f80e887f000 r--s 0000a000 08:06 929540                     /usr/lib/jvm/java-8-openjdk-amd64/jre/lib/ext/jaccess.jar
7f80e887f000-7f80e8880000 r--s 00010000 08:06 929536                     /usr/lib/jvm/java-8-openjdk-amd64/jre/lib/ext/zipfs.jar
7f80e8880000-7f80e8893000 rw-p 00000000 00:00 0 
7f80e8893000-7f80e889b000 rw-s 00000000 08:06 656896                     /tmp/hsperfdata_scmoure/8333
7f80e889b000-7f80e889c000 rw-p 00000000 00:00 0 
7f80e889c000-7f80e889d000 ---p 00000000 00:00 0 
7f80e889d000-7f80e889e000 rw-p 00000000 00:00 0 
7f80e889e000-7f80e889f000 r--p 00025000 08:06 288557                     /lib/x86_64-linux-gnu/ld-2.23.so
7f80e889f000-7f80e88a0000 rw-p 00026000 08:06 288557                     /lib/x86_64-linux-gnu/ld-2.23.so
7f80e88a0000-7f80e88a1000 rw-p 00000000 00:00 0 
7fff9b2ba000-7fff9b2db000 rw-p 00000000 00:00 0                          [stack]
7fff9b3b1000-7fff9b3b4000 r--p 00000000 00:00 0                          [vvar]
7fff9b3b4000-7fff9b3b6000 r-xp 00000000 00:00 0                          [vdso]
ffffffffff600000-ffffffffff601000 r-xp 00000000 00:00 0                  [vsyscall]

VM Arguments:
jvm_args: -agentlib:jdwp=transport=dt_socket,suspend=y,address=localhost:38837 -ea -javaagent:/home/scmoure/eclipse/jee-photon/eclipse/configuration/org.eclipse.osgi/413/0/.cp/lib/javaagent-shaded.jar -Dfile.encoding=UTF-8 
java_command: org.eclipse.jdt.internal.junit.runner.RemoteTestRunner -version 3 -port 41079 -testLoaderClass org.eclipse.jdt.internal.junit4.runner.JUnit4TestLoader -loaderpluginname org.eclipse.jdt.junit4.runtime -classNames com.scmoure.csvreader.CSVReaderTest
java_class_path (initial): /home/scmoure/projects/csvreader/target/test-classes:/home/scmoure/projects/csvreader/target/classes:/home/scmoure/.m2/repository/junit/junit/4.11/junit-4.11.jar:/home/scmoure/.m2/repository/org/hamcrest/hamcrest-core/1.3/hamcrest-core-1.3.jar:/home/scmoure/eclipse/jee-photon/eclipse/configuration/org.eclipse.osgi/411/0/.cp:/home/scmoure/eclipse/jee-photon/eclipse/configuration/org.eclipse.osgi/410/0/.cp:/home/scmoure/eclipse/jee-photon/eclipse/configuration/org.eclipse.osgi/413/0/.cp/lib/javaagent-shaded.jar
Launcher Type: SUN_STANDARD

Environment Variables:
PATH=/home/scmoure/bin:/home/scmoure/.local/bin:/usr/local/sbin:/usr/local/bin:/usr/sbin:/usr/bin:/sbin:/bin:/usr/games:/usr/local/games
SHELL=/bin/bash
DISPLAY=:0.0

Signal Handlers:
SIGSEGV: [libjvm.so+0xa71a30], sa_mask[0]=11111111011111111101111111111110, sa_flags=SA_RESTART|SA_SIGINFO
SIGBUS: [libjvm.so+0xa71a30], sa_mask[0]=11111111011111111101111111111110, sa_flags=SA_RESTART|SA_SIGINFO
SIGFPE: [libjvm.so+0x8b8f40], sa_mask[0]=11111111011111111101111111111110, sa_flags=SA_RESTART|SA_SIGINFO
SIGPIPE: [libjvm.so+0x8b8f40], sa_mask[0]=11111111011111111101111111111110, sa_flags=SA_RESTART|SA_SIGINFO
SIGXFSZ: [libjvm.so+0x8b8f40], sa_mask[0]=11111111011111111101111111111110, sa_flags=SA_RESTART|SA_SIGINFO
SIGILL: [libjvm.so+0x8b8f40], sa_mask[0]=11111111011111111101111111111110, sa_flags=SA_RESTART|SA_SIGINFO
SIGUSR1: SIG_DFL, sa_mask[0]=00000000000000000000000000000000, sa_flags=none
SIGUSR2: [libjvm.so+0x8b8df0], sa_mask[0]=00100000000000000000000000000000, sa_flags=SA_RESTART|SA_SIGINFO
SIGHUP: [libjvm.so+0x8b92c0], sa_mask[0]=11111111011111111101111111111110, sa_flags=SA_RESTART|SA_SIGINFO
SIGINT: [libjvm.so+0x8b92c0], sa_mask[0]=11111111011111111101111111111110, sa_flags=SA_RESTART|SA_SIGINFO
SIGTERM: [libjvm.so+0x8b92c0], sa_mask[0]=11111111011111111101111111111110, sa_flags=SA_RESTART|SA_SIGINFO
SIGQUIT: [libjvm.so+0x8b92c0], sa_mask[0]=11111111011111111101111111111110, sa_flags=SA_RESTART|SA_SIGINFO


---------------  S Y S T E M  ---------------

OS:DISTRIB_ID=Ubuntu
DISTRIB_RELEASE=16.04
DISTRIB_CODENAME=xenial
DISTRIB_DESCRIPTION="Ubuntu 16.04 LTS"

uname:Linux 4.15.0-34-generic #37~16.04.1-Ubuntu SMP Tue Aug 28 10:44:06 UTC 2018 x86_64
libc:glibc 2.23 NPTL 2.23 
rlimit: STACK 8192k, CORE 0k, NPROC 14902, NOFILE 1048576, AS infinity
load average:1,06 0,58 0,54

/proc/meminfo:
MemTotal:        3920136 kB
MemFree:          144820 kB
MemAvailable:    1095908 kB
Buffers:          123432 kB
Cached:          1286668 kB
SwapCached:          280 kB
Active:          2560844 kB
Inactive:         923348 kB
Active(anon):    2040064 kB
Inactive(anon):   334640 kB
Active(file):     520780 kB
Inactive(file):   588708 kB
Unevictable:         632 kB
Mlocked:             632 kB
SwapTotal:       2047844 kB
SwapFree:        2046808 kB
Dirty:               720 kB
Writeback:             0 kB
AnonPages:       2074536 kB
Mapped:           600836 kB
Shmem:            300588 kB
Slab:             176372 kB
SReclaimable:     100528 kB
SUnreclaim:        75844 kB
KernelStack:       11200 kB
PageTables:        48176 kB
NFS_Unstable:          0 kB
Bounce:                0 kB
WritebackTmp:          0 kB
CommitLimit:     4007912 kB
Committed_AS:    7641796 kB
VmallocTotal:   34359738367 kB
VmallocUsed:           0 kB
VmallocChunk:          0 kB
HardwareCorrupted:     0 kB
AnonHugePages:         0 kB
ShmemHugePages:        0 kB
ShmemPmdMapped:        0 kB
CmaTotal:              0 kB
CmaFree:               0 kB
HugePages_Total:       0
HugePages_Free:        0
HugePages_Rsvd:        0
HugePages_Surp:        0
Hugepagesize:       2048 kB
DirectMap4k:      231092 kB
DirectMap2M:     3844096 kB


CPU:total 4 (initial active 4) (4 cores per cpu, 1 threads per core) family 6 model 55 stepping 3, cmov, cx8, fxsr, mmx, sse, sse2, sse3, ssse3, sse4.1, sse4.2, popcnt, clmul, erms, 3dnowpref, tsc, tscinvbit

/proc/cpuinfo:
processor	: 0
vendor_id	: GenuineIntel
cpu family	: 6
model		: 55
model name	: Intel(R) Pentium(R) CPU  N3520  @ 2.16GHz
stepping	: 3
microcode	: 0x31a
cpu MHz		: 1146.945
cache size	: 1024 KB
physical id	: 0
siblings	: 4
core id		: 0
cpu cores	: 4
apicid		: 0
initial apicid	: 0
fpu		: yes
fpu_exception	: yes
cpuid level	: 11
wp		: yes
flags		: fpu vme de pse tsc msr pae mce cx8 apic sep mtrr pge mca cmov pat pse36 clflush dts acpi mmx fxsr sse sse2 ss ht tm pbe syscall nx rdtscp lm constant_tsc arch_perfmon pebs bts rep_good nopl xtopology tsc_reliable nonstop_tsc cpuid aperfmperf tsc_known_freq pni pclmulqdq dtes64 monitor ds_cpl vmx est tm2 ssse3 cx16 xtpr pdcm sse4_1 sse4_2 movbe popcnt tsc_deadline_timer rdrand lahf_lm 3dnowprefetch epb pti tpr_shadow vnmi flexpriority ept vpid tsc_adjust smep erms dtherm ida arat
bugs		: cpu_meltdown spectre_v1 spectre_v2
bogomips	: 4331.60
clflush size	: 64
cache_alignment	: 64
address sizes	: 36 bits physical, 48 bits virtual
power management:

processor	: 1
vendor_id	: GenuineIntel
cpu family	: 6
model		: 55
model name	: Intel(R) Pentium(R) CPU  N3520  @ 2.16GHz
stepping	: 3
microcode	: 0x31a
cpu MHz		: 903.246
cache size	: 1024 KB
physical id	: 0
siblings	: 4
core id		: 1
cpu cores	: 4
apicid		: 2
initial apicid	: 2
fpu		: yes
fpu_exception	: yes
cpuid level	: 11
wp		: yes
flags		: fpu vme de pse tsc msr pae mce cx8 apic sep mtrr pge mca cmov pat pse36 clflush dts acpi mmx fxsr sse sse2 ss ht tm pbe syscall nx rdtscp lm constant_tsc arch_perfmon pebs bts rep_good nopl xtopology tsc_reliable nonstop_tsc cpuid aperfmperf tsc_known_freq pni pclmulqdq dtes64 monitor ds_cpl vmx est tm2 ssse3 cx16 xtpr pdcm sse4_1 sse4_2 movbe popcnt tsc_deadline_timer rdrand lahf_lm 3dnowprefetch epb pti tpr_shadow vnmi flexpriority ept vpid tsc_adjust smep erms dtherm ida arat
bugs		: cpu_meltdown spectre_v1 spectre_v2
bogomips	: 4331.60
clflush size	: 64
cache_alignment	: 64
address sizes	: 36 bits physical, 48 bits virtual
power management:

processor	: 2
vendor_id	: GenuineIntel
cpu family	: 6
model		: 55
model name	: Intel(R) Pentium(R) CPU  N3520  @ 2.16GHz
stepping	: 3
microcode	: 0x31a
cpu MHz		: 851.236
cache size	: 1024 KB
physical id	: 0
siblings	: 4
core id		: 2
cpu cores	: 4
apicid		: 4
initial apicid	: 4
fpu		: yes
fpu_exception	: yes
cpuid level	: 11
wp		: yes
flags		: fpu vme de pse tsc msr pae mce cx8 apic sep mtrr pge mca cmov pat pse36 clflush dts acpi mmx fxsr sse sse2 ss ht tm pbe syscall nx rdtscp lm constant_tsc arch_perfmon pebs bts rep_good nopl xtopology tsc_reliable nonstop_tsc cpuid aperfmperf tsc_known_freq pni pclmulqdq dtes64 monitor ds_cpl vmx est tm2 ssse3 cx16 xtpr pdcm sse4_1 sse4_2 movbe popcnt tsc_deadline_timer rdrand lahf_lm 3dnowprefetch epb pti tpr_shadow vnmi flexpriority ept vpid tsc_adjust smep erms dtherm ida arat
bugs		: cpu_meltdown spectre_v1 spectre_v2
bogomips	: 4331.60
clflush size	: 64
cache_alignment	: 64
address sizes	: 36 bits physical, 48 bits virtual
power management:

processor	: 3
vendor_id	: GenuineIntel
cpu family	: 6
model		: 55
model name	: Intel(R) Pentium(R) CPU  N3520  @ 2.16GHz
stepping	: 3
microcode	: 0x31a
cpu MHz		: 520.709
cache size	: 1024 KB
physical id	: 0
siblings	: 4
core id		: 3
cpu cores	: 4
apicid		: 6
initial apicid	: 6
fpu		: yes
fpu_exception	: yes
cpuid level	: 11
wp		: yes
flags		: fpu vme de pse tsc msr pae mce cx8 apic sep mtrr pge mca cmov pat pse36 clflush dts acpi mmx fxsr sse sse2 ss ht tm pbe syscall nx rdtscp lm constant_tsc arch_perfmon pebs bts rep_good nopl xtopology tsc_reliable nonstop_tsc cpuid aperfmperf tsc_known_freq pni pclmulqdq dtes64 monitor ds_cpl vmx est tm2 ssse3 cx16 xtpr pdcm sse4_1 sse4_2 movbe popcnt tsc_deadline_timer rdrand lahf_lm 3dnowprefetch epb pti tpr_shadow vnmi flexpriority ept vpid tsc_adjust smep erms dtherm ida arat
bugs		: cpu_meltdown spectre_v1 spectre_v2
bogomips	: 4331.60
clflush size	: 64
cache_alignment	: 64
address sizes	: 36 bits physical, 48 bits virtual
power management:



Memory: 4k page, physical 3920136k(144820k free), swap 2047844k(2046808k free)

vm_info: OpenJDK 64-Bit Server VM (25.181-b13) for linux-amd64 JRE (1.8.0_181-8u181-b13-0ubuntu0.16.04.1-b13), built on Jul 30 2018 21:06:27 by "buildd" with gcc 5.4.0 20160609

time: Wed Sep 19 00:42:59 2018
elapsed time: 1178 seconds (0d 0h 19m 38s)

